[debug] [2026-06-30T00:47:27.211Z] ----------------------------------------------------------------------
[debug] [2026-06-30T00:47:27.214Z] Command:       C:\Program Files\nodejs\node.exe C:\Users\krist\AppData\Roaming\npm\node_modules\firebase-tools\lib\bin\firebase.js emulators:start
[debug] [2026-06-30T00:47:27.214Z] CLI Version:   15.22.3
[debug] [2026-06-30T00:47:27.214Z] Platform:      win32
[debug] [2026-06-30T00:47:27.214Z] Node Version:  v24.15.0
[debug] [2026-06-30T00:47:27.214Z] Detected Agent: unknown
[debug] [2026-06-30T00:47:27.215Z] Time:          Mon Jun 29 2026 20:47:27 GMT-0400 (Eastern Daylight Time)
[debug] [2026-06-30T00:47:27.215Z] ----------------------------------------------------------------------
[debug] 
[debug] [2026-06-30T00:47:29.040Z] > command requires scopes: ["email","openid","https://www.googleapis.com/auth/cloudplatformprojects.readonly","https://www.googleapis.com/auth/firebase","https://www.googleapis.com/auth/cloud-platform"]
[debug] [2026-06-30T00:47:29.040Z] > authorizing via signed-in user (chriscruz1632@gmail.com)
[info] i  emulators: Starting emulators: functions, hosting, extensions {"metadata":{"emulator":{"name":"hub"},"message":"Starting emulators: functions, hosting, extensions"}}
[debug] [2026-06-30T00:47:29.046Z] Checked if tokens are valid: true, expires at: 1782784016759
[debug] [2026-06-30T00:47:29.046Z] Checked if tokens are valid: true, expires at: 1782784016759
[debug] [2026-06-30T00:47:29.047Z] >>> [apiv2][query] GET https://cloudresourcemanager.googleapis.com/v1/projects/clone-9cf3b [none]
[debug] [2026-06-30T00:47:29.278Z] <<< [apiv2][status] GET https://cloudresourcemanager.googleapis.com/v1/projects/clone-9cf3b 200
[debug] [2026-06-30T00:47:29.279Z] <<< [apiv2][body] GET https://cloudresourcemanager.googleapis.com/v1/projects/clone-9cf3b {"projectNumber":"233926741704","projectId":"clone-9cf3b","lifecycleState":"ACTIVE","name":"amazon-clone","labels":{"firebase":"enabled","firebase-core":"disabled"},"createTime":"2026-06-10T22:09:21.034Z"}
[debug] [2026-06-30T00:47:29.291Z] [logging] Logging Emulator only supports listening on one address (127.0.0.1). Not listening on ::1
[debug] [2026-06-30T00:47:29.292Z] [hosting] Hosting Emulator only supports listening on one address (127.0.0.1). Not listening on ::1
[debug] [2026-06-30T00:47:29.292Z] assigned listening specs for emulators {"user":{"hub":[{"address":"127.0.0.1","family":"IPv4","port":4400},{"address":"::1","family":"IPv6","port":4400}],"ui":[{"address":"127.0.0.1","family":"IPv4","port":4000},{"address":"::1","family":"IPv6","port":4000}],"logging":[{"address":"127.0.0.1","family":"IPv4","port":4500}],"hosting":[{"address":"127.0.0.1","family":"IPv4","port":5000}]},"metadata":{"message":"assigned listening specs for emulators"}}
[debug] [2026-06-30T00:47:29.296Z] Write emulator hub locator at C:\Users\krist\AppData\Local\Temp\hub-clone-9cf3b.json
[debug] [2026-06-30T00:47:29.304Z] [Extensions] Started Extensions emulator, this is a noop.
[debug] [2026-06-30T00:47:29.311Z] [functions] Functions Emulator only supports listening on one address (127.0.0.1). Not listening on ::1
[debug] [2026-06-30T00:47:29.311Z] [eventarc] Eventarc Emulator only supports listening on one address (127.0.0.1). Not listening on ::1
[debug] [2026-06-30T00:47:29.311Z] [tasks] Cloud Tasks Emulator only supports listening on one address (127.0.0.1). Not listening on ::1
[debug] [2026-06-30T00:47:29.311Z] late-assigned ports for functions and eventarc emulators {"user":{"hub":[{"address":"127.0.0.1","family":"IPv4","port":4400},{"address":"::1","family":"IPv6","port":4400}],"ui":[{"address":"127.0.0.1","family":"IPv4","port":4000},{"address":"::1","family":"IPv6","port":4000}],"logging":[{"address":"127.0.0.1","family":"IPv4","port":4500}],"hosting":[{"address":"127.0.0.1","family":"IPv4","port":5000}],"functions":[{"address":"127.0.0.1","family":"IPv4","port":5001}],"eventarc":[{"address":"127.0.0.1","family":"IPv4","port":9299}],"tasks":[{"address":"127.0.0.1","family":"IPv4","port":9499}]},"metadata":{"message":"late-assigned ports for functions and eventarc emulators"}}
[warn] !  functions: The following emulators are not running, calls to these services from the Functions emulator will affect production: apphosting, auth, firestore, database, pubsub, storage, dataconnect {"metadata":{"emulator":{"name":"functions"},"message":"The following emulators are not running, calls to these services from the Functions emulator will affect production: \u001b[1mapphosting, auth, firestore, database, pubsub, storage, dataconnect\u001b[22m"}}
[debug] [2026-06-30T00:47:29.331Z] defaultcredentials: writing to file C:\Users\krist\AppData\Roaming\firebase\chriscruz1632_gmail_com_application_default_credentials.json
[debug] [2026-06-30T00:47:29.333Z] Setting GAC to C:\Users\krist\AppData\Roaming\firebase\chriscruz1632_gmail_com_application_default_credentials.json {"metadata":{"emulator":{"name":"functions"},"message":"Setting GAC to C:\\Users\\krist\\AppData\\Roaming\\firebase\\chriscruz1632_gmail_com_application_default_credentials.json"}}
[debug] [2026-06-30T00:47:29.334Z] Checked if tokens are valid: true, expires at: 1782784016759
[debug] [2026-06-30T00:47:29.334Z] Checked if tokens are valid: true, expires at: 1782784016759
[debug] [2026-06-30T00:47:29.334Z] >>> [apiv2][query] GET https://firebase.googleapis.com/v1beta1/projects/clone-9cf3b/adminSdkConfig [none]
[debug] [2026-06-30T00:47:29.649Z] <<< [apiv2][status] GET https://firebase.googleapis.com/v1beta1/projects/clone-9cf3b/adminSdkConfig 200
[debug] [2026-06-30T00:47:29.649Z] <<< [apiv2][body] GET https://firebase.googleapis.com/v1beta1/projects/clone-9cf3b/adminSdkConfig {"projectId":"clone-9cf3b","storageBucket":"clone-9cf3b.firebasestorage.app"}
[debug] [2026-06-30T00:47:29.666Z] Checked if tokens are valid: true, expires at: 1782784016759
[debug] [2026-06-30T00:47:29.666Z] Checked if tokens are valid: true, expires at: 1782784016759
[debug] [2026-06-30T00:47:29.666Z] >>> [apiv2][query] GET https://firebasehosting.googleapis.com/v1beta1/projects/clone-9cf3b/sites 
[debug] [2026-06-30T00:47:30.572Z] <<< [apiv2][status] GET https://firebasehosting.googleapis.com/v1beta1/projects/clone-9cf3b/sites 200
[debug] [2026-06-30T00:47:30.572Z] <<< [apiv2][body] GET https://firebasehosting.googleapis.com/v1beta1/projects/clone-9cf3b/sites {"sites":[{"name":"projects/clone-9cf3b/sites/clone-9cf3b","defaultUrl":"https://clone-9cf3b.web.app","appId":"1:233926741704:web:1f2f9c9efca37555a79ffd","type":"DEFAULT_SITE"}]}
[debug] [2026-06-30T00:47:30.573Z] Checked if tokens are valid: true, expires at: 1782784016759
[debug] [2026-06-30T00:47:30.573Z] Checked if tokens are valid: true, expires at: 1782784016759
[debug] [2026-06-30T00:47:30.573Z] >>> [apiv2][query] GET https://firebase.googleapis.com/v1beta1/projects/clone-9cf3b/webApps/1:233926741704:web:1f2f9c9efca37555a79ffd/config [none]
[debug] [2026-06-30T00:47:31.042Z] <<< [apiv2][status] GET https://firebase.googleapis.com/v1beta1/projects/clone-9cf3b/webApps/1:233926741704:web:1f2f9c9efca37555a79ffd/config 200
[debug] [2026-06-30T00:47:31.042Z] <<< [apiv2][body] GET https://firebase.googleapis.com/v1beta1/projects/clone-9cf3b/webApps/1:233926741704:web:1f2f9c9efca37555a79ffd/config {"projectId":"clone-9cf3b","appId":"1:233926741704:web:1f2f9c9efca37555a79ffd","storageBucket":"clone-9cf3b.firebasestorage.app","apiKey":"AIzaSyBHwqdxK7QcATjsWM-beiD8Rd03oAf5H7c","authDomain":"clone-9cf3b.firebaseapp.com","messagingSenderId":"233926741704","projectNumber":"233926741704","version":"2"}
[debug] [2026-06-30T00:47:31.050Z] Checked if tokens are valid: true, expires at: 1782784016759
[debug] [2026-06-30T00:47:31.050Z] Checked if tokens are valid: true, expires at: 1782784016759
[debug] [2026-06-30T00:47:31.051Z] >>> [apiv2][query] GET https://firebase.googleapis.com/v1beta1/projects/clone-9cf3b [none]
[debug] [2026-06-30T00:47:31.262Z] <<< [apiv2][status] GET https://firebase.googleapis.com/v1beta1/projects/clone-9cf3b 200
[debug] [2026-06-30T00:47:31.263Z] <<< [apiv2][body] GET https://firebase.googleapis.com/v1beta1/projects/clone-9cf3b {"projectId":"clone-9cf3b","projectNumber":"233926741704","displayName":"amazon-clone","name":"projects/clone-9cf3b","resources":{"hostingSite":"clone-9cf3b"},"state":"ACTIVE","labels":{"firebase":"enabled"},"etag":"1_75b42048-992b-4099-b0cb-c518266bd315"}
[info] i  hosting[clone-9cf3b]: Serving hosting files from: build {"metadata":{"emulator":{"name":"hosting"},"message":"Serving hosting files from: \u001b[1mbuild\u001b[22m"}}
[info] +  hosting[clone-9cf3b]: Local server: http://127.0.0.1:5000 {"metadata":{"emulator":{"name":"hosting"},"message":"Local server: \u001b[4m\u001b[1mhttp://127.0.0.1:5000\u001b[22m\u001b[24m"}}
[debug] [2026-06-30T00:47:31.324Z] [Extensions] Connecting Extensions emulator, this is a noop.
[info] i  functions: Watching "C:\Users\krist\Documents\FES\amazon-clone\functions" for Cloud Functions... {"metadata":{"emulator":{"name":"functions"},"message":"Watching \"C:\\Users\\krist\\Documents\\FES\\amazon-clone\\functions\" for Cloud Functions..."}}
[debug] [2026-06-30T00:47:31.328Z] Validating nodejs source
[debug] [2026-06-30T00:47:34.054Z] > [functions] package.json contents: {
  "name": "functions",
  "description": "Cloud Functions for Firebase",
  "scripts": {
    "lint": "eslint .",
    "serve": "firebase emulators:start --only functions",
    "shell": "firebase functions:shell",
    "start": "npm run shell",
    "deploy": "firebase deploy --only functions",
    "logs": "firebase functions:log"
  },
  "engines": {
    "node": "24"
  },
  "main": "index.js",
  "dependencies": {
    "cors": "^2.8.6",
    "express": "^5.2.1",
    "firebase-admin": "^13.6.0",
    "firebase-functions": "^7.0.0",
    "stripe": "^22.3.0"
  },
  "devDependencies": {
    "eslint": "^8.15.0",
    "eslint-config-google": "^0.14.0",
    "firebase-functions-test": "^3.4.1"
  },
  "private": true
}
[debug] [2026-06-30T00:47:34.055Z] Building nodejs source
[debug] [2026-06-30T00:47:34.055Z] Failed to find version of module node: reached end of search path C:\Users\krist\Documents\FES\amazon-clone\functions\node_modules
[info] +  functions: Using node@24 from host. 
[debug] [2026-06-30T00:47:34.058Z] Could not find functions.yaml. Must use http discovery
[debug] [2026-06-30T00:47:34.083Z] Found firebase-functions binary at 'C:\Users\krist\Documents\FES\amazon-clone\functions\node_modules\.bin\firebase-functions'
[info] Serving at port 8678

[debug] [2026-06-30T00:47:36.796Z] Got response from /__/functions.yaml {"endpoints":{"api":{"availableMemoryMb":null,"timeoutSeconds":null,"minInstances":null,"maxInstances":null,"ingressSettings":null,"concurrency":null,"serviceAccountEmail":null,"vpc":null,"platform":"gcfv2","labels":{},"httpsTrigger":{},"entryPoint":"api"}},"specVersion":"v1alpha1","requiredAPIs":[],"extensions":{}}
[debug] [2026-06-30T00:47:40.835Z] defaultcredentials: writing to file C:\Users\krist\AppData\Roaming\firebase\chriscruz1632_gmail_com_application_default_credentials.json
[debug] [2026-06-30T00:47:40.836Z] Setting GAC to C:\Users\krist\AppData\Roaming\firebase\chriscruz1632_gmail_com_application_default_credentials.json {"metadata":{"emulator":{"name":"functions"},"message":"Setting GAC to C:\\Users\\krist\\AppData\\Roaming\\firebase\\chriscruz1632_gmail_com_application_default_credentials.json"}}
[info] +  functions: Loaded functions definitions from source: api. {"metadata":{"emulator":{"name":"functions"},"message":"Loaded functions definitions from source: api."}}
[info] +  functions[us-central1-api]: http function initialized (http://127.0.0.1:5001/clone-9cf3b/us-central1/api). {"metadata":{"emulator":{"name":"functions"},"message":"\u001b[1mhttp\u001b[22m function initialized (http://127.0.0.1:5001/clone-9cf3b/us-central1/api)."}}
[debug] [2026-06-30T00:47:40.852Z] Could not find VSCode notification endpoint: FetchError: request to http://localhost:40001/vscode/notify failed, reason: . If you are not running the Firebase SQL Connect VSCode extension, this is expected and not an issue.
[info] 
┌─────────────────────────────────────────────────────────────┐
│ ✔  All emulators ready! It is now safe to connect your app. │
│ i  View Emulator UI at http://127.0.0.1:4000/               │
└─────────────────────────────────────────────────────────────┘

┌────────────┬────────────────┬──────────────────────────────────┐
│ Emulator   │ Host:Port      │ View in Emulator UI              │
├────────────┼────────────────┼──────────────────────────────────┤
│ Functions  │ 127.0.0.1:5001 │ http://127.0.0.1:4000/functions  │
├────────────┼────────────────┼──────────────────────────────────┤
│ Hosting    │ 127.0.0.1:5000 │ n/a                              │
├────────────┼────────────────┼──────────────────────────────────┤
│ Extensions │ 127.0.0.1:5001 │ http://127.0.0.1:4000/extensions │
└────────────┴────────────────┴──────────────────────────────────┘
  Emulator Hub host: 127.0.0.1 port: 4400
  Other reserved ports: 4500
┌─────────────────────────┬───────────────┬─────────────────────┐
│ Extension Instance Name │ Extension Ref │ View in Emulator UI │
└─────────────────────────┴───────────────┴─────────────────────┘
Issues? Report them at https://github.com/firebase/firebase-tools/issues and attach the *-debug.log files.
 
[debug] [2026-06-30T00:54:31.492Z] [work-queue] {"queuedWork":["/clone-9cf3b/us-central1/api/payments/create-2026-06-30T00:54:31.492Z"],"queueLength":1,"runningWork":[],"workRunningCount":0}
[debug] [2026-06-30T00:54:31.496Z] [work-queue] {"queuedWork":[],"queueLength":0,"runningWork":["/clone-9cf3b/us-central1/api/payments/create-2026-06-30T00:54:31.492Z"],"workRunningCount":1}
[debug] [2026-06-30T00:54:31.499Z] Accepted request POST /clone-9cf3b/us-central1/api/payments/create?total=69898 --> us-central1-api
[debug] [2026-06-30T00:54:31.502Z] [functions] Runtime ready! Sending request! {"metadata":{"emulator":{"name":"functions"},"message":"[functions] Runtime ready! Sending request!"}}
[debug] [2026-06-30T00:54:31.504Z] [functions] Got req.url=/clone-9cf3b/us-central1/api/payments/create?total=69898, mapping to path=/payments/create?total=69898 {"metadata":{"emulator":{"name":"functions"},"message":"[functions] Got req.url=/clone-9cf3b/us-central1/api/payments/create?total=69898, mapping to path=/payments/create?total=69898"}}
[debug] [2026-06-30T00:54:31.626Z] [worker-pool] addWorker(us-central1-api) {"metadata":{"emulator":{"name":"functions"},"message":"[worker-pool] addWorker(us-central1-api)"}}
[debug] [2026-06-30T00:54:31.637Z] [worker-pool] Adding worker with key us-central1-api, total=1 {"metadata":{"emulator":{"name":"functions"},"message":"[worker-pool] Adding worker with key us-central1-api, total=1"}}
[debug] [2026-06-30T00:54:31.652Z] [work-queue] {"queuedWork":["/clone-9cf3b/us-central1/api/payments/create-2026-06-30T00:54:31.652Z"],"queueLength":1,"runningWork":["/clone-9cf3b/us-central1/api/payments/create-2026-06-30T00:54:31.492Z"],"workRunningCount":1}
[debug] [2026-06-30T00:54:31.652Z] [work-queue] {"queuedWork":[],"queueLength":0,"runningWork":["/clone-9cf3b/us-central1/api/payments/create-2026-06-30T00:54:31.492Z","/clone-9cf3b/us-central1/api/payments/create-2026-06-30T00:54:31.652Z"],"workRunningCount":2}
[debug] [2026-06-30T00:54:31.652Z] Accepted request POST /clone-9cf3b/us-central1/api/payments/create?total=69898 --> us-central1-api
[debug] [2026-06-30T00:54:31.654Z] [functions] Runtime ready! Sending request! {"metadata":{"emulator":{"name":"functions"},"message":"[functions] Runtime ready! Sending request!"}}
[debug] [2026-06-30T00:54:31.655Z] [functions] Got req.url=/clone-9cf3b/us-central1/api/payments/create?total=69898, mapping to path=/payments/create?total=69898 {"metadata":{"emulator":{"name":"functions"},"message":"[functions] Got req.url=/clone-9cf3b/us-central1/api/payments/create?total=69898, mapping to path=/payments/create?total=69898"}}
[debug] [2026-06-30T00:54:31.675Z] [worker-pool] addWorker(us-central1-api) {"metadata":{"emulator":{"name":"functions"},"message":"[worker-pool] addWorker(us-central1-api)"}}
[debug] [2026-06-30T00:54:31.676Z] [worker-pool] Adding worker with key us-central1-api, total=2 {"metadata":{"emulator":{"name":"functions"},"message":"[worker-pool] Adding worker with key us-central1-api, total=2"}}
[debug] [2026-06-30T00:54:40.346Z] [runtime-status] [20036] Resolved module firebase-admin {"declared":true,"installed":true,"version":"13.10.0","resolution":"C:\\Users\\krist\\Documents\\FES\\amazon-clone\\functions\\node_modules\\firebase-admin\\lib\\index.js"} {"metadata":{"emulator":{"name":"functions"},"function":{"name":"us-central1-api"},"extension":{},"message":"[runtime-status] [20036] Resolved module firebase-admin {\"declared\":true,\"installed\":true,\"version\":\"13.10.0\",\"resolution\":\"C:\\\\Users\\\\krist\\\\Documents\\\\FES\\\\amazon-clone\\\\functions\\\\node_modules\\\\firebase-admin\\\\lib\\\\index.js\"}"}}
[debug] [2026-06-30T00:54:40.353Z] [runtime-status] [20036] Resolved module firebase-functions {"declared":true,"installed":true,"version":"7.2.5","resolution":"C:\\Users\\krist\\Documents\\FES\\amazon-clone\\functions\\node_modules\\firebase-functions\\lib\\v2\\index.js"} {"metadata":{"emulator":{"name":"functions"},"function":{"name":"us-central1-api"},"extension":{},"message":"[runtime-status] [20036] Resolved module firebase-functions {\"declared\":true,\"installed\":true,\"version\":\"7.2.5\",\"resolution\":\"C:\\\\Users\\\\krist\\\\Documents\\\\FES\\\\amazon-clone\\\\functions\\\\node_modules\\\\firebase-functions\\\\lib\\\\v2\\\\index.js\"}"}}
[debug] [2026-06-30T00:54:40.355Z] [runtime-status] [20036] Outgoing network have been stubbed. [{"name":"http","status":"mocked"},{"name":"http","status":"mocked"},{"name":"https","status":"mocked"},{"name":"https","status":"mocked"},{"name":"net","status":"mocked"}] {"metadata":{"emulator":{"name":"functions"},"function":{"name":"us-central1-api"},"extension":{},"message":"[runtime-status] [20036] Outgoing network have been stubbed. [{\"name\":\"http\",\"status\":\"mocked\"},{\"name\":\"http\",\"status\":\"mocked\"},{\"name\":\"https\",\"status\":\"mocked\"},{\"name\":\"https\",\"status\":\"mocked\"},{\"name\":\"net\",\"status\":\"mocked\"}]"}}
[debug] [2026-06-30T00:54:40.356Z] [runtime-status] [8264] Resolved module firebase-admin {"declared":true,"installed":true,"version":"13.10.0","resolution":"C:\\Users\\krist\\Documents\\FES\\amazon-clone\\functions\\node_modules\\firebase-admin\\lib\\index.js"} {"metadata":{"emulator":{"name":"functions"},"function":{"name":"us-central1-api"},"extension":{},"message":"[runtime-status] [8264] Resolved module firebase-admin {\"declared\":true,\"installed\":true,\"version\":\"13.10.0\",\"resolution\":\"C:\\\\Users\\\\krist\\\\Documents\\\\FES\\\\amazon-clone\\\\functions\\\\node_modules\\\\firebase-admin\\\\lib\\\\index.js\"}"}}
[debug] [2026-06-30T00:54:40.357Z] [runtime-status] [20036] Resolved module firebase-functions {"declared":true,"installed":true,"version":"7.2.5","resolution":"C:\\Users\\krist\\Documents\\FES\\amazon-clone\\functions\\node_modules\\firebase-functions\\lib\\v2\\index.js"} {"metadata":{"emulator":{"name":"functions"},"function":{"name":"us-central1-api"},"extension":{},"message":"[runtime-status] [20036] Resolved module firebase-functions {\"declared\":true,\"installed\":true,\"version\":\"7.2.5\",\"resolution\":\"C:\\\\Users\\\\krist\\\\Documents\\\\FES\\\\amazon-clone\\\\functions\\\\node_modules\\\\firebase-functions\\\\lib\\\\v2\\\\index.js\"}"}}
[debug] [2026-06-30T00:54:40.357Z] [runtime-status] [20036] Detected firebase-functions v7+, skipping legacy stubs. {"metadata":{"emulator":{"name":"functions"},"function":{"name":"us-central1-api"},"extension":{},"message":"[runtime-status] [20036] Detected firebase-functions v7+, skipping legacy stubs."}}
[debug] [2026-06-30T00:54:40.359Z] [runtime-status] [20036] Resolved module firebase-admin {"declared":true,"installed":true,"version":"13.10.0","resolution":"C:\\Users\\krist\\Documents\\FES\\amazon-clone\\functions\\node_modules\\firebase-admin\\lib\\index.js"} {"metadata":{"emulator":{"name":"functions"},"function":{"name":"us-central1-api"},"extension":{},"message":"[runtime-status] [20036] Resolved module firebase-admin {\"declared\":true,\"installed\":true,\"version\":\"13.10.0\",\"resolution\":\"C:\\\\Users\\\\krist\\\\Documents\\\\FES\\\\amazon-clone\\\\functions\\\\node_modules\\\\firebase-admin\\\\lib\\\\index.js\"}"}}
[debug] [2026-06-30T00:54:40.360Z] [runtime-status] [8264] Resolved module firebase-functions {"declared":true,"installed":true,"version":"7.2.5","resolution":"C:\\Users\\krist\\Documents\\FES\\amazon-clone\\functions\\node_modules\\firebase-functions\\lib\\v2\\index.js"} {"metadata":{"emulator":{"name":"functions"},"function":{"name":"us-central1-api"},"extension":{},"message":"[runtime-status] [8264] Resolved module firebase-functions {\"declared\":true,\"installed\":true,\"version\":\"7.2.5\",\"resolution\":\"C:\\\\Users\\\\krist\\\\Documents\\\\FES\\\\amazon-clone\\\\functions\\\\node_modules\\\\firebase-functions\\\\lib\\\\v2\\\\index.js\"}"}}
[debug] [2026-06-30T00:54:40.360Z] [runtime-status] [8264] Outgoing network have been stubbed. [{"name":"http","status":"mocked"},{"name":"http","status":"mocked"},{"name":"https","status":"mocked"},{"name":"https","status":"mocked"},{"name":"net","status":"mocked"}] {"metadata":{"emulator":{"name":"functions"},"function":{"name":"us-central1-api"},"extension":{},"message":"[runtime-status] [8264] Outgoing network have been stubbed. [{\"name\":\"http\",\"status\":\"mocked\"},{\"name\":\"http\",\"status\":\"mocked\"},{\"name\":\"https\",\"status\":\"mocked\"},{\"name\":\"https\",\"status\":\"mocked\"},{\"name\":\"net\",\"status\":\"mocked\"}]"}}
[debug] [2026-06-30T00:54:40.362Z] [runtime-status] [8264] Resolved module firebase-functions {"declared":true,"installed":true,"version":"7.2.5","resolution":"C:\\Users\\krist\\Documents\\FES\\amazon-clone\\functions\\node_modules\\firebase-functions\\lib\\v2\\index.js"} {"metadata":{"emulator":{"name":"functions"},"function":{"name":"us-central1-api"},"extension":{},"message":"[runtime-status] [8264] Resolved module firebase-functions {\"declared\":true,\"installed\":true,\"version\":\"7.2.5\",\"resolution\":\"C:\\\\Users\\\\krist\\\\Documents\\\\FES\\\\amazon-clone\\\\functions\\\\node_modules\\\\firebase-functions\\\\lib\\\\v2\\\\index.js\"}"}}
[debug] [2026-06-30T00:54:40.362Z] [runtime-status] [8264] Detected firebase-functions v7+, skipping legacy stubs. {"metadata":{"emulator":{"name":"functions"},"function":{"name":"us-central1-api"},"extension":{},"message":"[runtime-status] [8264] Detected firebase-functions v7+, skipping legacy stubs."}}
[debug] [2026-06-30T00:54:40.363Z] [runtime-status] [8264] Resolved module firebase-admin {"declared":true,"installed":true,"version":"13.10.0","resolution":"C:\\Users\\krist\\Documents\\FES\\amazon-clone\\functions\\node_modules\\firebase-admin\\lib\\index.js"} {"metadata":{"emulator":{"name":"functions"},"function":{"name":"us-central1-api"},"extension":{},"message":"[runtime-status] [8264] Resolved module firebase-admin {\"declared\":true,\"installed\":true,\"version\":\"13.10.0\",\"resolution\":\"C:\\\\Users\\\\krist\\\\Documents\\\\FES\\\\amazon-clone\\\\functions\\\\node_modules\\\\firebase-admin\\\\lib\\\\index.js\"}"}}
[debug] [2026-06-30T00:54:40.629Z] [runtime-status] [20036] Resolved module firebase-functions {"declared":true,"installed":true,"version":"7.2.5","resolution":"C:\\Users\\krist\\Documents\\FES\\amazon-clone\\functions\\node_modules\\firebase-functions\\lib\\v2\\index.js"} {"metadata":{"emulator":{"name":"functions"},"function":{"name":"us-central1-api"},"extension":{},"message":"[runtime-status] [20036] Resolved module firebase-functions {\"declared\":true,\"installed\":true,\"version\":\"7.2.5\",\"resolution\":\"C:\\\\Users\\\\krist\\\\Documents\\\\FES\\\\amazon-clone\\\\functions\\\\node_modules\\\\firebase-functions\\\\lib\\\\v2\\\\index.js\"}"}}
[debug] [2026-06-30T00:54:40.639Z] [runtime-status] [8264] Resolved module firebase-functions {"declared":true,"installed":true,"version":"7.2.5","resolution":"C:\\Users\\krist\\Documents\\FES\\amazon-clone\\functions\\node_modules\\firebase-functions\\lib\\v2\\index.js"} {"metadata":{"emulator":{"name":"functions"},"function":{"name":"us-central1-api"},"extension":{},"message":"[runtime-status] [8264] Resolved module firebase-functions {\"declared\":true,\"installed\":true,\"version\":\"7.2.5\",\"resolution\":\"C:\\\\Users\\\\krist\\\\Documents\\\\FES\\\\amazon-clone\\\\functions\\\\node_modules\\\\firebase-functions\\\\lib\\\\v2\\\\index.js\"}"}}
[debug] [2026-06-30T00:54:41.845Z] [runtime-status] [8264] firebase-admin has been stubbed. {"adminResolution":{"declared":true,"installed":true,"version":"13.10.0","resolution":"C:\\Users\\krist\\Documents\\FES\\amazon-clone\\functions\\node_modules\\firebase-admin\\lib\\index.js"}} {"metadata":{"emulator":{"name":"functions"},"function":{"name":"us-central1-api"},"extension":{},"message":"[runtime-status] [8264] firebase-admin has been stubbed. {\"adminResolution\":{\"declared\":true,\"installed\":true,\"version\":\"13.10.0\",\"resolution\":\"C:\\\\Users\\\\krist\\\\Documents\\\\FES\\\\amazon-clone\\\\functions\\\\node_modules\\\\firebase-admin\\\\lib\\\\index.js\"}}"}}
[debug] [2026-06-30T00:54:41.850Z] [runtime-status] [20036] firebase-admin has been stubbed. {"adminResolution":{"declared":true,"installed":true,"version":"13.10.0","resolution":"C:\\Users\\krist\\Documents\\FES\\amazon-clone\\functions\\node_modules\\firebase-admin\\lib\\index.js"}} {"metadata":{"emulator":{"name":"functions"},"function":{"name":"us-central1-api"},"extension":{},"message":"[runtime-status] [20036] firebase-admin has been stubbed. {\"adminResolution\":{\"declared\":true,\"installed\":true,\"version\":\"13.10.0\",\"resolution\":\"C:\\\\Users\\\\krist\\\\Documents\\\\FES\\\\amazon-clone\\\\functions\\\\node_modules\\\\firebase-admin\\\\lib\\\\index.js\"}}"}}
[debug] [2026-06-30T00:54:42.755Z] [runtime-status] [8264] Functions runtime initialized. {"cwd":"C:\\Users\\krist\\Documents\\FES\\amazon-clone\\functions","node_version":"24.15.0"} {"metadata":{"emulator":{"name":"functions"},"function":{"name":"us-central1-api"},"extension":{},"message":"[runtime-status] [8264] Functions runtime initialized. {\"cwd\":\"C:\\\\Users\\\\krist\\\\Documents\\\\FES\\\\amazon-clone\\\\functions\",\"node_version\":\"24.15.0\"}"}}
[debug] [2026-06-30T00:54:42.756Z] [runtime-status] [8264] Listening to port: \\?\pipe\fire_emu_6f06db3b185c62db {"metadata":{"emulator":{"name":"functions"},"function":{"name":"us-central1-api"},"extension":{},"message":"[runtime-status] [8264] Listening to port: \\\\?\\pipe\\fire_emu_6f06db3b185c62db"}}
[debug] [2026-06-30T00:54:42.761Z] [runtime-status] [20036] Functions runtime initialized. {"cwd":"C:\\Users\\krist\\Documents\\FES\\amazon-clone\\functions","node_version":"24.15.0"} {"metadata":{"emulator":{"name":"functions"},"function":{"name":"us-central1-api"},"extension":{},"message":"[runtime-status] [20036] Functions runtime initialized. {\"cwd\":\"C:\\\\Users\\\\krist\\\\Documents\\\\FES\\\\amazon-clone\\\\functions\",\"node_version\":\"24.15.0\"}"}}
[debug] [2026-06-30T00:54:42.762Z] [runtime-status] [20036] Listening to port: \\?\pipe\fire_emu_101d7cea267d5173 {"metadata":{"emulator":{"name":"functions"},"function":{"name":"us-central1-api"},"extension":{},"message":"[runtime-status] [20036] Listening to port: \\\\?\\pipe\\fire_emu_101d7cea267d5173"}}
[debug] [2026-06-30T00:54:42.791Z] [worker-us-central1-api-7dee445e-0d51-48d7-8d2d-298ac493a670]: IDLE {"metadata":{"emulator":{"name":"functions"},"function":{"name":"us-central1-api"},"extension":{},"message":"[worker-us-central1-api-7dee445e-0d51-48d7-8d2d-298ac493a670]: IDLE"}}
[debug] [2026-06-30T00:54:42.791Z] [worker-pool] submitRequest(triggerId=us-central1-api) {"metadata":{"emulator":{"name":"functions"},"message":"[worker-pool] submitRequest(triggerId=us-central1-api)"}}
[info] i  functions: Beginning execution of "us-central1-api" {"metadata":{"emulator":{"name":"functions"},"function":{"name":"us-central1-api"},"extension":{},"message":"Beginning execution of \"us-central1-api\""}}
[debug] [2026-06-30T00:54:42.792Z] [worker-us-central1-api-7dee445e-0d51-48d7-8d2d-298ac493a670]: BUSY {"metadata":{"emulator":{"name":"functions"},"function":{"name":"us-central1-api"},"extension":{},"message":"[worker-us-central1-api-7dee445e-0d51-48d7-8d2d-298ac493a670]: BUSY"}}
[info] >  Payment Request Received Boom!! 69898 {"user":"Payment Request Received Boom!! 69898","metadata":{"emulator":{"name":"functions"},"function":{"name":"us-central1-api"},"extension":{},"message":"\u001b[90m> \u001b[39m Payment Request Received Boom!! 69898"}}
[debug] [2026-06-30T00:54:42.866Z] [worker-us-central1-api-23444cdc-dcd7-4dda-90c4-80b31d1bd9fe]: IDLE {"metadata":{"emulator":{"name":"functions"},"function":{"name":"us-central1-api"},"extension":{},"message":"[worker-us-central1-api-23444cdc-dcd7-4dda-90c4-80b31d1bd9fe]: IDLE"}}
[debug] [2026-06-30T00:54:42.867Z] [worker-pool] submitRequest(triggerId=us-central1-api) {"metadata":{"emulator":{"name":"functions"},"message":"[worker-pool] submitRequest(triggerId=us-central1-api)"}}
[info] i  functions: Beginning execution of "us-central1-api" {"metadata":{"emulator":{"name":"functions"},"function":{"name":"us-central1-api"},"extension":{},"message":"Beginning execution of \"us-central1-api\""}}
[debug] [2026-06-30T00:54:42.868Z] [worker-us-central1-api-23444cdc-dcd7-4dda-90c4-80b31d1bd9fe]: BUSY {"metadata":{"emulator":{"name":"functions"},"function":{"name":"us-central1-api"},"extension":{},"message":"[worker-us-central1-api-23444cdc-dcd7-4dda-90c4-80b31d1bd9fe]: BUSY"}}
[info] >  Payment Request Received Boom!! 69898 {"user":"Payment Request Received Boom!! 69898","metadata":{"emulator":{"name":"functions"},"function":{"name":"us-central1-api"},"extension":{},"message":"\u001b[90m> \u001b[39m Payment Request Received Boom!! 69898"}}
[debug] [2026-06-30T00:54:43.175Z] Finishing up request with event=pause {"metadata":{"emulator":{"name":"functions"},"function":{"name":"us-central1-api"},"extension":{},"message":"Finishing up request with event=pause"}}
[info] i  functions: Finished "us-central1-api" in 383.4538ms {"metadata":{"emulator":{"name":"functions"},"function":{"name":"us-central1-api"},"extension":{},"message":"Finished \"us-central1-api\" in 383.4538ms"}}
[debug] [2026-06-30T00:54:43.176Z] [worker-us-central1-api-7dee445e-0d51-48d7-8d2d-298ac493a670]: IDLE {"metadata":{"emulator":{"name":"functions"},"function":{"name":"us-central1-api"},"extension":{},"message":"[worker-us-central1-api-7dee445e-0d51-48d7-8d2d-298ac493a670]: IDLE"}}
[debug] [2026-06-30T00:54:43.176Z] Finishing up request with event=finish {"metadata":{"emulator":{"name":"functions"},"function":{"name":"us-central1-api"},"extension":{},"message":"Finishing up request with event=finish"}}
[debug] [2026-06-30T00:54:43.176Z] Finishing up request with event=close {"metadata":{"emulator":{"name":"functions"},"function":{"name":"us-central1-api"},"extension":{},"message":"Finishing up request with event=close"}}
[debug] [2026-06-30T00:54:43.176Z] [work-queue] {"queuedWork":[],"queueLength":0,"runningWork":["/clone-9cf3b/us-central1/api/payments/create-2026-06-30T00:54:31.652Z"],"workRunningCount":1}
[debug] [2026-06-30T00:54:43.242Z] Finishing up request with event=pause {"metadata":{"emulator":{"name":"functions"},"function":{"name":"us-central1-api"},"extension":{},"message":"Finishing up request with event=pause"}}
[info] i  functions: Finished "us-central1-api" in 373.9198ms {"metadata":{"emulator":{"name":"functions"},"function":{"name":"us-central1-api"},"extension":{},"message":"Finished \"us-central1-api\" in 373.9198ms"}}
[debug] [2026-06-30T00:54:43.243Z] [worker-us-central1-api-23444cdc-dcd7-4dda-90c4-80b31d1bd9fe]: IDLE {"metadata":{"emulator":{"name":"functions"},"function":{"name":"us-central1-api"},"extension":{},"message":"[worker-us-central1-api-23444cdc-dcd7-4dda-90c4-80b31d1bd9fe]: IDLE"}}
[debug] [2026-06-30T00:54:43.243Z] Finishing up request with event=finish {"metadata":{"emulator":{"name":"functions"},"function":{"name":"us-central1-api"},"extension":{},"message":"Finishing up request with event=finish"}}
[debug] [2026-06-30T00:54:43.243Z] Finishing up request with event=close {"metadata":{"emulator":{"name":"functions"},"function":{"name":"us-central1-api"},"extension":{},"message":"Finishing up request with event=close"}}
[debug] [2026-06-30T00:54:43.243Z] [work-queue] {"queuedWork":[],"queueLength":0,"runningWork":[],"workRunningCount":0}
[debug] [2026-06-30T00:59:26.938Z] [work-queue] {"queuedWork":["/clone-9cf3b/us-central1/api/payments/create-2026-06-30T00:59:26.938Z"],"queueLength":1,"runningWork":[],"workRunningCount":0}
[debug] [2026-06-30T00:59:26.939Z] [work-queue] {"queuedWork":[],"queueLength":0,"runningWork":["/clone-9cf3b/us-central1/api/payments/create-2026-06-30T00:59:26.938Z"],"workRunningCount":1}
[debug] [2026-06-30T00:59:26.939Z] Accepted request POST /clone-9cf3b/us-central1/api/payments/create?total=0 --> us-central1-api
[debug] [2026-06-30T00:59:26.941Z] [functions] Runtime ready! Sending request! {"metadata":{"emulator":{"name":"functions"},"message":"[functions] Runtime ready! Sending request!"}}
[debug] [2026-06-30T00:59:26.942Z] [functions] Got req.url=/clone-9cf3b/us-central1/api/payments/create?total=0, mapping to path=/payments/create?total=0 {"metadata":{"emulator":{"name":"functions"},"message":"[functions] Got req.url=/clone-9cf3b/us-central1/api/payments/create?total=0, mapping to path=/payments/create?total=0"}}
[debug] [2026-06-30T00:59:26.942Z] [worker-pool] submitRequest(triggerId=us-central1-api) {"metadata":{"emulator":{"name":"functions"},"message":"[worker-pool] submitRequest(triggerId=us-central1-api)"}}
[info] i  functions: Beginning execution of "us-central1-api" {"metadata":{"emulator":{"name":"functions"},"function":{"name":"us-central1-api"},"extension":{},"message":"Beginning execution of \"us-central1-api\""}}
[debug] [2026-06-30T00:59:26.945Z] [worker-us-central1-api-7dee445e-0d51-48d7-8d2d-298ac493a670]: BUSY {"metadata":{"emulator":{"name":"functions"},"function":{"name":"us-central1-api"},"extension":{},"message":"[worker-us-central1-api-7dee445e-0d51-48d7-8d2d-298ac493a670]: BUSY"}}
[debug] [2026-06-30T00:59:26.951Z] [work-queue] {"queuedWork":["/clone-9cf3b/us-central1/api/payments/create-2026-06-30T00:59:26.951Z"],"queueLength":1,"runningWork":["/clone-9cf3b/us-central1/api/payments/create-2026-06-30T00:59:26.938Z"],"workRunningCount":1}
[debug] [2026-06-30T00:59:26.952Z] [work-queue] {"queuedWork":[],"queueLength":0,"runningWork":["/clone-9cf3b/us-central1/api/payments/create-2026-06-30T00:59:26.938Z","/clone-9cf3b/us-central1/api/payments/create-2026-06-30T00:59:26.951Z"],"workRunningCount":2}
[debug] [2026-06-30T00:59:26.952Z] Accepted request POST /clone-9cf3b/us-central1/api/payments/create?total=0 --> us-central1-api
[debug] [2026-06-30T00:59:26.955Z] [functions] Runtime ready! Sending request! {"metadata":{"emulator":{"name":"functions"},"message":"[functions] Runtime ready! Sending request!"}}
[debug] [2026-06-30T00:59:26.955Z] [functions] Got req.url=/clone-9cf3b/us-central1/api/payments/create?total=0, mapping to path=/payments/create?total=0 {"metadata":{"emulator":{"name":"functions"},"message":"[functions] Got req.url=/clone-9cf3b/us-central1/api/payments/create?total=0, mapping to path=/payments/create?total=0"}}
[debug] [2026-06-30T00:59:26.956Z] [worker-pool] submitRequest(triggerId=us-central1-api) {"metadata":{"emulator":{"name":"functions"},"message":"[worker-pool] submitRequest(triggerId=us-central1-api)"}}
[info] i  functions: Beginning execution of "us-central1-api" {"metadata":{"emulator":{"name":"functions"},"function":{"name":"us-central1-api"},"extension":{},"message":"Beginning execution of \"us-central1-api\""}}
[debug] [2026-06-30T00:59:26.962Z] [worker-us-central1-api-23444cdc-dcd7-4dda-90c4-80b31d1bd9fe]: BUSY {"metadata":{"emulator":{"name":"functions"},"function":{"name":"us-central1-api"},"extension":{},"message":"[worker-us-central1-api-23444cdc-dcd7-4dda-90c4-80b31d1bd9fe]: BUSY"}}
[info] >  Payment Request Received Boom!! 0 {"user":"Payment Request Received Boom!! 0","metadata":{"emulator":{"name":"functions"},"function":{"name":"us-central1-api"},"extension":{},"message":"\u001b[90m> \u001b[39m Payment Request Received Boom!! 0"}}
[info] >  Payment Request Received Boom!! 0 {"user":"Payment Request Received Boom!! 0","metadata":{"emulator":{"name":"functions"},"function":{"name":"us-central1-api"},"extension":{},"message":"\u001b[90m> \u001b[39m Payment Request Received Boom!! 0"}}
[debug] [2026-06-30T00:59:27.261Z] Finishing up request with event=pause {"metadata":{"emulator":{"name":"functions"},"function":{"name":"us-central1-api"},"extension":{},"message":"Finishing up request with event=pause"}}
[info] i  functions: Finished "us-central1-api" in 299.8721ms {"metadata":{"emulator":{"name":"functions"},"function":{"name":"us-central1-api"},"extension":{},"message":"Finished \"us-central1-api\" in 299.8721ms"}}
[debug] [2026-06-30T00:59:27.268Z] [worker-us-central1-api-23444cdc-dcd7-4dda-90c4-80b31d1bd9fe]: IDLE {"metadata":{"emulator":{"name":"functions"},"function":{"name":"us-central1-api"},"extension":{},"message":"[worker-us-central1-api-23444cdc-dcd7-4dda-90c4-80b31d1bd9fe]: IDLE"}}
[debug] [2026-06-30T00:59:27.268Z] Finishing up request with event=finish {"metadata":{"emulator":{"name":"functions"},"function":{"name":"us-central1-api"},"extension":{},"message":"Finishing up request with event=finish"}}
[debug] [2026-06-30T00:59:27.269Z] Finishing up request with event=close {"metadata":{"emulator":{"name":"functions"},"function":{"name":"us-central1-api"},"extension":{},"message":"Finishing up request with event=close"}}
[debug] [2026-06-30T00:59:27.270Z] [work-queue] {"queuedWork":[],"queueLength":0,"runningWork":["/clone-9cf3b/us-central1/api/payments/create-2026-06-30T00:59:26.938Z"],"workRunningCount":1}
[info] >  Error: The amount must be greater than or equal to the minimum charge amount allowed for your account and the currency set (https://docs.stripe.com/currencies#minimum-and-maximum-charge-amounts).  If you want to save a Payment Method for future use without an immediate payment, use a Setup Intent instead: https://docs.stripe.com/payments/setup-intents {"user":"Error: The amount must be greater than or equal to the minimum charge amount allowed for your account and the currency set (https://docs.stripe.com/currencies#minimum-and-maximum-charge-amounts).  If you want to save a Payment Method for future use without an immediate payment, use a Setup Intent instead: https://docs.stripe.com/payments/setup-intents","metadata":{"emulator":{"name":"functions"},"function":{"name":"us-central1-api"},"extension":{},"message":"\u001b[90m> \u001b[39m Error: The amount must be greater than or equal to the minimum charge amount allowed for your account and the currency set (https://docs.stripe.com/currencies#minimum-and-maximum-charge-amounts).  If you want to save a Payment Method for future use without an immediate payment, use a Setup Intent instead: https://docs.stripe.com/payments/setup-intents"}}
[info] >      at generateV1Error (C:\Users\krist\Documents\FES\amazon-clone\functions\node_modules\stripe\cjs\Error.js:16:16) {"user":"    at generateV1Error (C:\\Users\\krist\\Documents\\FES\\amazon-clone\\functions\\node_modules\\stripe\\cjs\\Error.js:16:16)","metadata":{"emulator":{"name":"functions"},"function":{"name":"us-central1-api"},"extension":{},"message":"\u001b[90m> \u001b[39m     at generateV1Error (C:\\Users\\krist\\Documents\\FES\\amazon-clone\\functions\\node_modules\\stripe\\cjs\\Error.js:16:16)"}}
[info] >      at C:\Users\krist\Documents\FES\amazon-clone\functions\node_modules\stripe\cjs\RequestSender.js:117:62 {"user":"    at C:\\Users\\krist\\Documents\\FES\\amazon-clone\\functions\\node_modules\\stripe\\cjs\\RequestSender.js:117:62","metadata":{"emulator":{"name":"functions"},"function":{"name":"us-central1-api"},"extension":{},"message":"\u001b[90m> \u001b[39m     at C:\\Users\\krist\\Documents\\FES\\amazon-clone\\functions\\node_modules\\stripe\\cjs\\RequestSender.js:117:62"}}
[info] >      at process.processTicksAndRejections (node:internal/process/task_queues:104:5) {"user":"    at process.processTicksAndRejections (node:internal/process/task_queues:104:5)","metadata":{"emulator":{"name":"functions"},"function":{"name":"us-central1-api"},"extension":{},"message":"\u001b[90m> \u001b[39m     at process.processTicksAndRejections (node:internal/process/task_queues:104:5)"}}
[info] >  Originating from: {"user":"Originating from:","metadata":{"emulator":{"name":"functions"},"function":{"name":"us-central1-api"},"extension":{},"message":"\u001b[90m> \u001b[39m Originating from:"}}
[info] >      at PaymentIntentResource._makeRequest (C:\Users\krist\Documents\FES\amazon-clone\functions\node_modules\stripe\cjs\StripeResource.js:59:31) {"user":"    at PaymentIntentResource._makeRequest (C:\\Users\\krist\\Documents\\FES\\amazon-clone\\functions\\node_modules\\stripe\\cjs\\StripeResource.js:59:31)","metadata":{"emulator":{"name":"functions"},"function":{"name":"us-central1-api"},"extension":{},"message":"\u001b[90m> \u001b[39m     at PaymentIntentResource._makeRequest (C:\\Users\\krist\\Documents\\FES\\amazon-clone\\functions\\node_modules\\stripe\\cjs\\StripeResource.js:59:31)"}}
[info] >      at PaymentIntentResource.create (C:\Users\krist\Documents\FES\amazon-clone\functions\node_modules\stripe\cjs\resources\PaymentIntents.js:28:21) {"user":"    at PaymentIntentResource.create (C:\\Users\\krist\\Documents\\FES\\amazon-clone\\functions\\node_modules\\stripe\\cjs\\resources\\PaymentIntents.js:28:21)","metadata":{"emulator":{"name":"functions"},"function":{"name":"us-central1-api"},"extension":{},"message":"\u001b[90m> \u001b[39m     at PaymentIntentResource.create (C:\\Users\\krist\\Documents\\FES\\amazon-clone\\functions\\node_modules\\stripe\\cjs\\resources\\PaymentIntents.js:28:21)"}}
[info] >      at C:\Users\krist\Documents\FES\amazon-clone\functions\index.js:35:55 {"user":"    at C:\\Users\\krist\\Documents\\FES\\amazon-clone\\functions\\index.js:35:55","metadata":{"emulator":{"name":"functions"},"function":{"name":"us-central1-api"},"extension":{},"message":"\u001b[90m> \u001b[39m     at C:\\Users\\krist\\Documents\\FES\\amazon-clone\\functions\\index.js:35:55"}}
[info] >      at Layer.handleRequest (C:\Users\krist\Documents\FES\amazon-clone\functions\node_modules\router\lib\layer.js:152:17) {"user":"    at Layer.handleRequest (C:\\Users\\krist\\Documents\\FES\\amazon-clone\\functions\\node_modules\\router\\lib\\layer.js:152:17)","metadata":{"emulator":{"name":"functions"},"function":{"name":"us-central1-api"},"extension":{},"message":"\u001b[90m> \u001b[39m     at Layer.handleRequest (C:\\Users\\krist\\Documents\\FES\\amazon-clone\\functions\\node_modules\\router\\lib\\layer.js:152:17)"}}
[info] >      at next (C:\Users\krist\Documents\FES\amazon-clone\functions\node_modules\router\lib\route.js:157:13) {"user":"    at next (C:\\Users\\krist\\Documents\\FES\\amazon-clone\\functions\\node_modules\\router\\lib\\route.js:157:13)","metadata":{"emulator":{"name":"functions"},"function":{"name":"us-central1-api"},"extension":{},"message":"\u001b[90m> \u001b[39m     at next (C:\\Users\\krist\\Documents\\FES\\amazon-clone\\functions\\node_modules\\router\\lib\\route.js:157:13)"}}
[info] >      at Route.dispatch (C:\Users\krist\Documents\FES\amazon-clone\functions\node_modules\router\lib\route.js:117:3) {"user":"    at Route.dispatch (C:\\Users\\krist\\Documents\\FES\\amazon-clone\\functions\\node_modules\\router\\lib\\route.js:117:3)","metadata":{"emulator":{"name":"functions"},"function":{"name":"us-central1-api"},"extension":{},"message":"\u001b[90m> \u001b[39m     at Route.dispatch (C:\\Users\\krist\\Documents\\FES\\amazon-clone\\functions\\node_modules\\router\\lib\\route.js:117:3)"}}
[info] >      at handle (C:\Users\krist\Documents\FES\amazon-clone\functions\node_modules\router\index.js:435:11) {"user":"    at handle (C:\\Users\\krist\\Documents\\FES\\amazon-clone\\functions\\node_modules\\router\\index.js:435:11)","metadata":{"emulator":{"name":"functions"},"function":{"name":"us-central1-api"},"extension":{},"message":"\u001b[90m> \u001b[39m     at handle (C:\\Users\\krist\\Documents\\FES\\amazon-clone\\functions\\node_modules\\router\\index.js:435:11)"}}
[info] >      at Layer.handleRequest (C:\Users\krist\Documents\FES\amazon-clone\functions\node_modules\router\lib\layer.js:152:17) {"user":"    at Layer.handleRequest (C:\\Users\\krist\\Documents\\FES\\amazon-clone\\functions\\node_modules\\router\\lib\\layer.js:152:17)","metadata":{"emulator":{"name":"functions"},"function":{"name":"us-central1-api"},"extension":{},"message":"\u001b[90m> \u001b[39m     at Layer.handleRequest (C:\\Users\\krist\\Documents\\FES\\amazon-clone\\functions\\node_modules\\router\\lib\\layer.js:152:17)"}}
[info] >      at C:\Users\krist\Documents\FES\amazon-clone\functions\node_modules\router\index.js:295:15 {"user":"    at C:\\Users\\krist\\Documents\\FES\\amazon-clone\\functions\\node_modules\\router\\index.js:295:15","metadata":{"emulator":{"name":"functions"},"function":{"name":"us-central1-api"},"extension":{},"message":"\u001b[90m> \u001b[39m     at C:\\Users\\krist\\Documents\\FES\\amazon-clone\\functions\\node_modules\\router\\index.js:295:15"}}
[info] >      at processParams (C:\Users\krist\Documents\FES\amazon-clone\functions\node_modules\router\index.js:582:12) {"user":"    at processParams (C:\\Users\\krist\\Documents\\FES\\amazon-clone\\functions\\node_modules\\router\\index.js:582:12)","metadata":{"emulator":{"name":"functions"},"function":{"name":"us-central1-api"},"extension":{},"message":"\u001b[90m> \u001b[39m     at processParams (C:\\Users\\krist\\Documents\\FES\\amazon-clone\\functions\\node_modules\\router\\index.js:582:12)"}}
[debug] [2026-06-30T00:59:27.295Z] Finishing up request with event=pause {"metadata":{"emulator":{"name":"functions"},"function":{"name":"us-central1-api"},"extension":{},"message":"Finishing up request with event=pause"}}
[info] i  functions: Finished "us-central1-api" in 351.0624ms {"metadata":{"emulator":{"name":"functions"},"function":{"name":"us-central1-api"},"extension":{},"message":"Finished \"us-central1-api\" in 351.0624ms"}}
[debug] [2026-06-30T00:59:27.300Z] [worker-us-central1-api-7dee445e-0d51-48d7-8d2d-298ac493a670]: IDLE {"metadata":{"emulator":{"name":"functions"},"function":{"name":"us-central1-api"},"extension":{},"message":"[worker-us-central1-api-7dee445e-0d51-48d7-8d2d-298ac493a670]: IDLE"}}
[debug] [2026-06-30T00:59:27.301Z] Finishing up request with event=finish {"metadata":{"emulator":{"name":"functions"},"function":{"name":"us-central1-api"},"extension":{},"message":"Finishing up request with event=finish"}}
[debug] [2026-06-30T00:59:27.301Z] Finishing up request with event=close {"metadata":{"emulator":{"name":"functions"},"function":{"name":"us-central1-api"},"extension":{},"message":"Finishing up request with event=close"}}
[debug] [2026-06-30T00:59:27.301Z] [work-queue] {"queuedWork":[],"queueLength":0,"runningWork":[],"workRunningCount":0}
[info] >  Error: The amount must be greater than or equal to the minimum charge amount allowed for your account and the currency set (https://docs.stripe.com/currencies#minimum-and-maximum-charge-amounts).  If you want to save a Payment Method for future use without an immediate payment, use a Setup Intent instead: https://docs.stripe.com/payments/setup-intents {"user":"Error: The amount must be greater than or equal to the minimum charge amount allowed for your account and the currency set (https://docs.stripe.com/currencies#minimum-and-maximum-charge-amounts).  If you want to save a Payment Method for future use without an immediate payment, use a Setup Intent instead: https://docs.stripe.com/payments/setup-intents","metadata":{"emulator":{"name":"functions"},"function":{"name":"us-central1-api"},"extension":{},"message":"\u001b[90m> \u001b[39m Error: The amount must be greater than or equal to the minimum charge amount allowed for your account and the currency set (https://docs.stripe.com/currencies#minimum-and-maximum-charge-amounts).  If you want to save a Payment Method for future use without an immediate payment, use a Setup Intent instead: https://docs.stripe.com/payments/setup-intents"}}
[info] >      at generateV1Error (C:\Users\krist\Documents\FES\amazon-clone\functions\node_modules\stripe\cjs\Error.js:16:16) {"user":"    at generateV1Error (C:\\Users\\krist\\Documents\\FES\\amazon-clone\\functions\\node_modules\\stripe\\cjs\\Error.js:16:16)","metadata":{"emulator":{"name":"functions"},"function":{"name":"us-central1-api"},"extension":{},"message":"\u001b[90m> \u001b[39m     at generateV1Error (C:\\Users\\krist\\Documents\\FES\\amazon-clone\\functions\\node_modules\\stripe\\cjs\\Error.js:16:16)"}}
[info] >      at C:\Users\krist\Documents\FES\amazon-clone\functions\node_modules\stripe\cjs\RequestSender.js:117:62 {"user":"    at C:\\Users\\krist\\Documents\\FES\\amazon-clone\\functions\\node_modules\\stripe\\cjs\\RequestSender.js:117:62","metadata":{"emulator":{"name":"functions"},"function":{"name":"us-central1-api"},"extension":{},"message":"\u001b[90m> \u001b[39m     at C:\\Users\\krist\\Documents\\FES\\amazon-clone\\functions\\node_modules\\stripe\\cjs\\RequestSender.js:117:62"}}
[info] >      at process.processTicksAndRejections (node:internal/process/task_queues:104:5) {"user":"    at process.processTicksAndRejections (node:internal/process/task_queues:104:5)","metadata":{"emulator":{"name":"functions"},"function":{"name":"us-central1-api"},"extension":{},"message":"\u001b[90m> \u001b[39m     at process.processTicksAndRejections (node:internal/process/task_queues:104:5)"}}
[info] >  Originating from: {"user":"Originating from:","metadata":{"emulator":{"name":"functions"},"function":{"name":"us-central1-api"},"extension":{},"message":"\u001b[90m> \u001b[39m Originating from:"}}
[info] >      at PaymentIntentResource._makeRequest (C:\Users\krist\Documents\FES\amazon-clone\functions\node_modules\stripe\cjs\StripeResource.js:59:31) {"user":"    at PaymentIntentResource._makeRequest (C:\\Users\\krist\\Documents\\FES\\amazon-clone\\functions\\node_modules\\stripe\\cjs\\StripeResource.js:59:31)","metadata":{"emulator":{"name":"functions"},"function":{"name":"us-central1-api"},"extension":{},"message":"\u001b[90m> \u001b[39m     at PaymentIntentResource._makeRequest (C:\\Users\\krist\\Documents\\FES\\amazon-clone\\functions\\node_modules\\stripe\\cjs\\StripeResource.js:59:31)"}}
[info] >      at PaymentIntentResource.create (C:\Users\krist\Documents\FES\amazon-clone\functions\node_modules\stripe\cjs\resources\PaymentIntents.js:28:21) {"user":"    at PaymentIntentResource.create (C:\\Users\\krist\\Documents\\FES\\amazon-clone\\functions\\node_modules\\stripe\\cjs\\resources\\PaymentIntents.js:28:21)","metadata":{"emulator":{"name":"functions"},"function":{"name":"us-central1-api"},"extension":{},"message":"\u001b[90m> \u001b[39m     at PaymentIntentResource.create (C:\\Users\\krist\\Documents\\FES\\amazon-clone\\functions\\node_modules\\stripe\\cjs\\resources\\PaymentIntents.js:28:21)"}}
[info] >      at C:\Users\krist\Documents\FES\amazon-clone\functions\index.js:35:55 {"user":"    at C:\\Users\\krist\\Documents\\FES\\amazon-clone\\functions\\index.js:35:55","metadata":{"emulator":{"name":"functions"},"function":{"name":"us-central1-api"},"extension":{},"message":"\u001b[90m> \u001b[39m     at C:\\Users\\krist\\Documents\\FES\\amazon-clone\\functions\\index.js:35:55"}}
[info] >      at Layer.handleRequest (C:\Users\krist\Documents\FES\amazon-clone\functions\node_modules\router\lib\layer.js:152:17) {"user":"    at Layer.handleRequest (C:\\Users\\krist\\Documents\\FES\\amazon-clone\\functions\\node_modules\\router\\lib\\layer.js:152:17)","metadata":{"emulator":{"name":"functions"},"function":{"name":"us-central1-api"},"extension":{},"message":"\u001b[90m> \u001b[39m     at Layer.handleRequest (C:\\Users\\krist\\Documents\\FES\\amazon-clone\\functions\\node_modules\\router\\lib\\layer.js:152:17)"}}
[info] >      at next (C:\Users\krist\Documents\FES\amazon-clone\functions\node_modules\router\lib\route.js:157:13) {"user":"    at next (C:\\Users\\krist\\Documents\\FES\\amazon-clone\\functions\\node_modules\\router\\lib\\route.js:157:13)","metadata":{"emulator":{"name":"functions"},"function":{"name":"us-central1-api"},"extension":{},"message":"\u001b[90m> \u001b[39m     at next (C:\\Users\\krist\\Documents\\FES\\amazon-clone\\functions\\node_modules\\router\\lib\\route.js:157:13)"}}
[info] >      at Route.dispatch (C:\Users\krist\Documents\FES\amazon-clone\functions\node_modules\router\lib\route.js:117:3) {"user":"    at Route.dispatch (C:\\Users\\krist\\Documents\\FES\\amazon-clone\\functions\\node_modules\\router\\lib\\route.js:117:3)","metadata":{"emulator":{"name":"functions"},"function":{"name":"us-central1-api"},"extension":{},"message":"\u001b[90m> \u001b[39m     at Route.dispatch (C:\\Users\\krist\\Documents\\FES\\amazon-clone\\functions\\node_modules\\router\\lib\\route.js:117:3)"}}
[info] >      at handle (C:\Users\krist\Documents\FES\amazon-clone\functions\node_modules\router\index.js:435:11) {"user":"    at handle (C:\\Users\\krist\\Documents\\FES\\amazon-clone\\functions\\node_modules\\router\\index.js:435:11)","metadata":{"emulator":{"name":"functions"},"function":{"name":"us-central1-api"},"extension":{},"message":"\u001b[90m> \u001b[39m     at handle (C:\\Users\\krist\\Documents\\FES\\amazon-clone\\functions\\node_modules\\router\\index.js:435:11)"}}
[info] >      at Layer.handleRequest (C:\Users\krist\Documents\FES\amazon-clone\functions\node_modules\router\lib\layer.js:152:17) {"user":"    at Layer.handleRequest (C:\\Users\\krist\\Documents\\FES\\amazon-clone\\functions\\node_modules\\router\\lib\\layer.js:152:17)","metadata":{"emulator":{"name":"functions"},"function":{"name":"us-central1-api"},"extension":{},"message":"\u001b[90m> \u001b[39m     at Layer.handleRequest (C:\\Users\\krist\\Documents\\FES\\amazon-clone\\functions\\node_modules\\router\\lib\\layer.js:152:17)"}}
[info] >      at C:\Users\krist\Documents\FES\amazon-clone\functions\node_modules\router\index.js:295:15 {"user":"    at C:\\Users\\krist\\Documents\\FES\\amazon-clone\\functions\\node_modules\\router\\index.js:295:15","metadata":{"emulator":{"name":"functions"},"function":{"name":"us-central1-api"},"extension":{},"message":"\u001b[90m> \u001b[39m     at C:\\Users\\krist\\Documents\\FES\\amazon-clone\\functions\\node_modules\\router\\index.js:295:15"}}
[info] >      at processParams (C:\Users\krist\Documents\FES\amazon-clone\functions\node_modules\router\index.js:582:12) {"user":"    at processParams (C:\\Users\\krist\\Documents\\FES\\amazon-clone\\functions\\node_modules\\router\\index.js:582:12)","metadata":{"emulator":{"name":"functions"},"function":{"name":"us-central1-api"},"extension":{},"message":"\u001b[90m> \u001b[39m     at processParams (C:\\Users\\krist\\Documents\\FES\\amazon-clone\\functions\\node_modules\\router\\index.js:582:12)"}}
[debug] [2026-06-30T00:59:32.368Z] [work-queue] {"queuedWork":["/clone-9cf3b/us-central1/api/payments/create-2026-06-30T00:59:32.368Z"],"queueLength":1,"runningWork":[],"workRunningCount":0}
[debug] [2026-06-30T00:59:32.369Z] [work-queue] {"queuedWork":[],"queueLength":0,"runningWork":["/clone-9cf3b/us-central1/api/payments/create-2026-06-30T00:59:32.368Z"],"workRunningCount":1}
[debug] [2026-06-30T00:59:32.369Z] Accepted request POST /clone-9cf3b/us-central1/api/payments/create?total=0 --> us-central1-api
[debug] [2026-06-30T00:59:32.373Z] [functions] Runtime ready! Sending request! {"metadata":{"emulator":{"name":"functions"},"message":"[functions] Runtime ready! Sending request!"}}
[debug] [2026-06-30T00:59:32.373Z] [functions] Got req.url=/clone-9cf3b/us-central1/api/payments/create?total=0, mapping to path=/payments/create?total=0 {"metadata":{"emulator":{"name":"functions"},"message":"[functions] Got req.url=/clone-9cf3b/us-central1/api/payments/create?total=0, mapping to path=/payments/create?total=0"}}
[debug] [2026-06-30T00:59:32.374Z] [worker-pool] submitRequest(triggerId=us-central1-api) {"metadata":{"emulator":{"name":"functions"},"message":"[worker-pool] submitRequest(triggerId=us-central1-api)"}}
[info] i  functions: Beginning execution of "us-central1-api" {"metadata":{"emulator":{"name":"functions"},"function":{"name":"us-central1-api"},"extension":{},"message":"Beginning execution of \"us-central1-api\""}}
[debug] [2026-06-30T00:59:32.374Z] [worker-us-central1-api-7dee445e-0d51-48d7-8d2d-298ac493a670]: BUSY {"metadata":{"emulator":{"name":"functions"},"function":{"name":"us-central1-api"},"extension":{},"message":"[worker-us-central1-api-7dee445e-0d51-48d7-8d2d-298ac493a670]: BUSY"}}
[info] >  Payment Request Received Boom!! 0 {"user":"Payment Request Received Boom!! 0","metadata":{"emulator":{"name":"functions"},"function":{"name":"us-central1-api"},"extension":{},"message":"\u001b[90m> \u001b[39m Payment Request Received Boom!! 0"}}
[debug] [2026-06-30T00:59:32.413Z] [work-queue] {"queuedWork":["/clone-9cf3b/us-central1/api/payments/create-2026-06-30T00:59:32.412Z"],"queueLength":1,"runningWork":["/clone-9cf3b/us-central1/api/payments/create-2026-06-30T00:59:32.368Z"],"workRunningCount":1}
[debug] [2026-06-30T00:59:32.414Z] [work-queue] {"queuedWork":[],"queueLength":0,"runningWork":["/clone-9cf3b/us-central1/api/payments/create-2026-06-30T00:59:32.368Z","/clone-9cf3b/us-central1/api/payments/create-2026-06-30T00:59:32.412Z"],"workRunningCount":2}
[debug] [2026-06-30T00:59:32.414Z] Accepted request POST /clone-9cf3b/us-central1/api/payments/create?total=0 --> us-central1-api
[debug] [2026-06-30T00:59:32.419Z] [functions] Runtime ready! Sending request! {"metadata":{"emulator":{"name":"functions"},"message":"[functions] Runtime ready! Sending request!"}}
[debug] [2026-06-30T00:59:32.419Z] [functions] Got req.url=/clone-9cf3b/us-central1/api/payments/create?total=0, mapping to path=/payments/create?total=0 {"metadata":{"emulator":{"name":"functions"},"message":"[functions] Got req.url=/clone-9cf3b/us-central1/api/payments/create?total=0, mapping to path=/payments/create?total=0"}}
[debug] [2026-06-30T00:59:32.420Z] [worker-pool] submitRequest(triggerId=us-central1-api) {"metadata":{"emulator":{"name":"functions"},"message":"[worker-pool] submitRequest(triggerId=us-central1-api)"}}
[info] i  functions: Beginning execution of "us-central1-api" {"metadata":{"emulator":{"name":"functions"},"function":{"name":"us-central1-api"},"extension":{},"message":"Beginning execution of \"us-central1-api\""}}
[debug] [2026-06-30T00:59:32.424Z] [worker-us-central1-api-23444cdc-dcd7-4dda-90c4-80b31d1bd9fe]: BUSY {"metadata":{"emulator":{"name":"functions"},"function":{"name":"us-central1-api"},"extension":{},"message":"[worker-us-central1-api-23444cdc-dcd7-4dda-90c4-80b31d1bd9fe]: BUSY"}}
[info] >  Payment Request Received Boom!! 0 {"user":"Payment Request Received Boom!! 0","metadata":{"emulator":{"name":"functions"},"function":{"name":"us-central1-api"},"extension":{},"message":"\u001b[90m> \u001b[39m Payment Request Received Boom!! 0"}}
[debug] [2026-06-30T00:59:32.490Z] Finishing up request with event=pause {"metadata":{"emulator":{"name":"functions"},"function":{"name":"us-central1-api"},"extension":{},"message":"Finishing up request with event=pause"}}
[info] i  functions: Finished "us-central1-api" in 115.4179ms {"metadata":{"emulator":{"name":"functions"},"function":{"name":"us-central1-api"},"extension":{},"message":"Finished \"us-central1-api\" in 115.4179ms"}}
[debug] [2026-06-30T00:59:32.490Z] [worker-us-central1-api-7dee445e-0d51-48d7-8d2d-298ac493a670]: IDLE {"metadata":{"emulator":{"name":"functions"},"function":{"name":"us-central1-api"},"extension":{},"message":"[worker-us-central1-api-7dee445e-0d51-48d7-8d2d-298ac493a670]: IDLE"}}
[debug] [2026-06-30T00:59:32.490Z] Finishing up request with event=finish {"metadata":{"emulator":{"name":"functions"},"function":{"name":"us-central1-api"},"extension":{},"message":"Finishing up request with event=finish"}}
[debug] [2026-06-30T00:59:32.491Z] Finishing up request with event=close {"metadata":{"emulator":{"name":"functions"},"function":{"name":"us-central1-api"},"extension":{},"message":"Finishing up request with event=close"}}
[debug] [2026-06-30T00:59:32.491Z] [work-queue] {"queuedWork":[],"queueLength":0,"runningWork":["/clone-9cf3b/us-central1/api/payments/create-2026-06-30T00:59:32.412Z"],"workRunningCount":1}
[info] >  Error: The amount must be greater than or equal to the minimum charge amount allowed for your account and the currency set (https://docs.stripe.com/currencies#minimum-and-maximum-charge-amounts).  If you want to save a Payment Method for future use without an immediate payment, use a Setup Intent instead: https://docs.stripe.com/payments/setup-intents {"user":"Error: The amount must be greater than or equal to the minimum charge amount allowed for your account and the currency set (https://docs.stripe.com/currencies#minimum-and-maximum-charge-amounts).  If you want to save a Payment Method for future use without an immediate payment, use a Setup Intent instead: https://docs.stripe.com/payments/setup-intents","metadata":{"emulator":{"name":"functions"},"function":{"name":"us-central1-api"},"extension":{},"message":"\u001b[90m> \u001b[39m Error: The amount must be greater than or equal to the minimum charge amount allowed for your account and the currency set (https://docs.stripe.com/currencies#minimum-and-maximum-charge-amounts).  If you want to save a Payment Method for future use without an immediate payment, use a Setup Intent instead: https://docs.stripe.com/payments/setup-intents"}}
[info] >      at generateV1Error (C:\Users\krist\Documents\FES\amazon-clone\functions\node_modules\stripe\cjs\Error.js:16:16) {"user":"    at generateV1Error (C:\\Users\\krist\\Documents\\FES\\amazon-clone\\functions\\node_modules\\stripe\\cjs\\Error.js:16:16)","metadata":{"emulator":{"name":"functions"},"function":{"name":"us-central1-api"},"extension":{},"message":"\u001b[90m> \u001b[39m     at generateV1Error (C:\\Users\\krist\\Documents\\FES\\amazon-clone\\functions\\node_modules\\stripe\\cjs\\Error.js:16:16)"}}
[info] >      at C:\Users\krist\Documents\FES\amazon-clone\functions\node_modules\stripe\cjs\RequestSender.js:117:62 {"user":"    at C:\\Users\\krist\\Documents\\FES\\amazon-clone\\functions\\node_modules\\stripe\\cjs\\RequestSender.js:117:62","metadata":{"emulator":{"name":"functions"},"function":{"name":"us-central1-api"},"extension":{},"message":"\u001b[90m> \u001b[39m     at C:\\Users\\krist\\Documents\\FES\\amazon-clone\\functions\\node_modules\\stripe\\cjs\\RequestSender.js:117:62"}}
[info] >      at process.processTicksAndRejections (node:internal/process/task_queues:104:5) {"user":"    at process.processTicksAndRejections (node:internal/process/task_queues:104:5)","metadata":{"emulator":{"name":"functions"},"function":{"name":"us-central1-api"},"extension":{},"message":"\u001b[90m> \u001b[39m     at process.processTicksAndRejections (node:internal/process/task_queues:104:5)"}}
[info] >  Originating from: {"user":"Originating from:","metadata":{"emulator":{"name":"functions"},"function":{"name":"us-central1-api"},"extension":{},"message":"\u001b[90m> \u001b[39m Originating from:"}}
[info] >      at PaymentIntentResource._makeRequest (C:\Users\krist\Documents\FES\amazon-clone\functions\node_modules\stripe\cjs\StripeResource.js:59:31) {"user":"    at PaymentIntentResource._makeRequest (C:\\Users\\krist\\Documents\\FES\\amazon-clone\\functions\\node_modules\\stripe\\cjs\\StripeResource.js:59:31)","metadata":{"emulator":{"name":"functions"},"function":{"name":"us-central1-api"},"extension":{},"message":"\u001b[90m> \u001b[39m     at PaymentIntentResource._makeRequest (C:\\Users\\krist\\Documents\\FES\\amazon-clone\\functions\\node_modules\\stripe\\cjs\\StripeResource.js:59:31)"}}
[info] >      at PaymentIntentResource.create (C:\Users\krist\Documents\FES\amazon-clone\functions\node_modules\stripe\cjs\resources\PaymentIntents.js:28:21) {"user":"    at PaymentIntentResource.create (C:\\Users\\krist\\Documents\\FES\\amazon-clone\\functions\\node_modules\\stripe\\cjs\\resources\\PaymentIntents.js:28:21)","metadata":{"emulator":{"name":"functions"},"function":{"name":"us-central1-api"},"extension":{},"message":"\u001b[90m> \u001b[39m     at PaymentIntentResource.create (C:\\Users\\krist\\Documents\\FES\\amazon-clone\\functions\\node_modules\\stripe\\cjs\\resources\\PaymentIntents.js:28:21)"}}
[info] >      at C:\Users\krist\Documents\FES\amazon-clone\functions\index.js:35:55 {"user":"    at C:\\Users\\krist\\Documents\\FES\\amazon-clone\\functions\\index.js:35:55","metadata":{"emulator":{"name":"functions"},"function":{"name":"us-central1-api"},"extension":{},"message":"\u001b[90m> \u001b[39m     at C:\\Users\\krist\\Documents\\FES\\amazon-clone\\functions\\index.js:35:55"}}
[info] >      at Layer.handleRequest (C:\Users\krist\Documents\FES\amazon-clone\functions\node_modules\router\lib\layer.js:152:17) {"user":"    at Layer.handleRequest (C:\\Users\\krist\\Documents\\FES\\amazon-clone\\functions\\node_modules\\router\\lib\\layer.js:152:17)","metadata":{"emulator":{"name":"functions"},"function":{"name":"us-central1-api"},"extension":{},"message":"\u001b[90m> \u001b[39m     at Layer.handleRequest (C:\\Users\\krist\\Documents\\FES\\amazon-clone\\functions\\node_modules\\router\\lib\\layer.js:152:17)"}}
[info] >      at next (C:\Users\krist\Documents\FES\amazon-clone\functions\node_modules\router\lib\route.js:157:13) {"user":"    at next (C:\\Users\\krist\\Documents\\FES\\amazon-clone\\functions\\node_modules\\router\\lib\\route.js:157:13)","metadata":{"emulator":{"name":"functions"},"function":{"name":"us-central1-api"},"extension":{},"message":"\u001b[90m> \u001b[39m     at next (C:\\Users\\krist\\Documents\\FES\\amazon-clone\\functions\\node_modules\\router\\lib\\route.js:157:13)"}}
[info] >      at Route.dispatch (C:\Users\krist\Documents\FES\amazon-clone\functions\node_modules\router\lib\route.js:117:3) {"user":"    at Route.dispatch (C:\\Users\\krist\\Documents\\FES\\amazon-clone\\functions\\node_modules\\router\\lib\\route.js:117:3)","metadata":{"emulator":{"name":"functions"},"function":{"name":"us-central1-api"},"extension":{},"message":"\u001b[90m> \u001b[39m     at Route.dispatch (C:\\Users\\krist\\Documents\\FES\\amazon-clone\\functions\\node_modules\\router\\lib\\route.js:117:3)"}}
[info] >      at handle (C:\Users\krist\Documents\FES\amazon-clone\functions\node_modules\router\index.js:435:11) {"user":"    at handle (C:\\Users\\krist\\Documents\\FES\\amazon-clone\\functions\\node_modules\\router\\index.js:435:11)","metadata":{"emulator":{"name":"functions"},"function":{"name":"us-central1-api"},"extension":{},"message":"\u001b[90m> \u001b[39m     at handle (C:\\Users\\krist\\Documents\\FES\\amazon-clone\\functions\\node_modules\\router\\index.js:435:11)"}}
[info] >      at Layer.handleRequest (C:\Users\krist\Documents\FES\amazon-clone\functions\node_modules\router\lib\layer.js:152:17) {"user":"    at Layer.handleRequest (C:\\Users\\krist\\Documents\\FES\\amazon-clone\\functions\\node_modules\\router\\lib\\layer.js:152:17)","metadata":{"emulator":{"name":"functions"},"function":{"name":"us-central1-api"},"extension":{},"message":"\u001b[90m> \u001b[39m     at Layer.handleRequest (C:\\Users\\krist\\Documents\\FES\\amazon-clone\\functions\\node_modules\\router\\lib\\layer.js:152:17)"}}
[info] >      at C:\Users\krist\Documents\FES\amazon-clone\functions\node_modules\router\index.js:295:15 {"user":"    at C:\\Users\\krist\\Documents\\FES\\amazon-clone\\functions\\node_modules\\router\\index.js:295:15","metadata":{"emulator":{"name":"functions"},"function":{"name":"us-central1-api"},"extension":{},"message":"\u001b[90m> \u001b[39m     at C:\\Users\\krist\\Documents\\FES\\amazon-clone\\functions\\node_modules\\router\\index.js:295:15"}}
[info] >      at processParams (C:\Users\krist\Documents\FES\amazon-clone\functions\node_modules\router\index.js:582:12) {"user":"    at processParams (C:\\Users\\krist\\Documents\\FES\\amazon-clone\\functions\\node_modules\\router\\index.js:582:12)","metadata":{"emulator":{"name":"functions"},"function":{"name":"us-central1-api"},"extension":{},"message":"\u001b[90m> \u001b[39m     at processParams (C:\\Users\\krist\\Documents\\FES\\amazon-clone\\functions\\node_modules\\router\\index.js:582:12)"}}
[debug] [2026-06-30T00:59:32.583Z] Finishing up request with event=pause {"metadata":{"emulator":{"name":"functions"},"function":{"name":"us-central1-api"},"extension":{},"message":"Finishing up request with event=pause"}}
[info] i  functions: Finished "us-central1-api" in 160.0917ms {"metadata":{"emulator":{"name":"functions"},"function":{"name":"us-central1-api"},"extension":{},"message":"Finished \"us-central1-api\" in 160.0917ms"}}
[debug] [2026-06-30T00:59:32.586Z] [worker-us-central1-api-23444cdc-dcd7-4dda-90c4-80b31d1bd9fe]: IDLE {"metadata":{"emulator":{"name":"functions"},"function":{"name":"us-central1-api"},"extension":{},"message":"[worker-us-central1-api-23444cdc-dcd7-4dda-90c4-80b31d1bd9fe]: IDLE"}}
[debug] [2026-06-30T00:59:32.587Z] Finishing up request with event=finish {"metadata":{"emulator":{"name":"functions"},"function":{"name":"us-central1-api"},"extension":{},"message":"Finishing up request with event=finish"}}
[debug] [2026-06-30T00:59:32.587Z] Finishing up request with event=close {"metadata":{"emulator":{"name":"functions"},"function":{"name":"us-central1-api"},"extension":{},"message":"Finishing up request with event=close"}}
[debug] [2026-06-30T00:59:32.587Z] [work-queue] {"queuedWork":[],"queueLength":0,"runningWork":[],"workRunningCount":0}
[info] >  Error: The amount must be greater than or equal to the minimum charge amount allowed for your account and the currency set (https://docs.stripe.com/currencies#minimum-and-maximum-charge-amounts).  If you want to save a Payment Method for future use without an immediate payment, use a Setup Intent instead: https://docs.stripe.com/payments/setup-intents {"user":"Error: The amount must be greater than or equal to the minimum charge amount allowed for your account and the currency set (https://docs.stripe.com/currencies#minimum-and-maximum-charge-amounts).  If you want to save a Payment Method for future use without an immediate payment, use a Setup Intent instead: https://docs.stripe.com/payments/setup-intents","metadata":{"emulator":{"name":"functions"},"function":{"name":"us-central1-api"},"extension":{},"message":"\u001b[90m> \u001b[39m Error: The amount must be greater than or equal to the minimum charge amount allowed for your account and the currency set (https://docs.stripe.com/currencies#minimum-and-maximum-charge-amounts).  If you want to save a Payment Method for future use without an immediate payment, use a Setup Intent instead: https://docs.stripe.com/payments/setup-intents"}}
[info] >      at generateV1Error (C:\Users\krist\Documents\FES\amazon-clone\functions\node_modules\stripe\cjs\Error.js:16:16) {"user":"    at generateV1Error (C:\\Users\\krist\\Documents\\FES\\amazon-clone\\functions\\node_modules\\stripe\\cjs\\Error.js:16:16)","metadata":{"emulator":{"name":"functions"},"function":{"name":"us-central1-api"},"extension":{},"message":"\u001b[90m> \u001b[39m     at generateV1Error (C:\\Users\\krist\\Documents\\FES\\amazon-clone\\functions\\node_modules\\stripe\\cjs\\Error.js:16:16)"}}
[info] >      at C:\Users\krist\Documents\FES\amazon-clone\functions\node_modules\stripe\cjs\RequestSender.js:117:62 {"user":"    at C:\\Users\\krist\\Documents\\FES\\amazon-clone\\functions\\node_modules\\stripe\\cjs\\RequestSender.js:117:62","metadata":{"emulator":{"name":"functions"},"function":{"name":"us-central1-api"},"extension":{},"message":"\u001b[90m> \u001b[39m     at C:\\Users\\krist\\Documents\\FES\\amazon-clone\\functions\\node_modules\\stripe\\cjs\\RequestSender.js:117:62"}}
[info] >      at process.processTicksAndRejections (node:internal/process/task_queues:104:5) {"user":"    at process.processTicksAndRejections (node:internal/process/task_queues:104:5)","metadata":{"emulator":{"name":"functions"},"function":{"name":"us-central1-api"},"extension":{},"message":"\u001b[90m> \u001b[39m     at process.processTicksAndRejections (node:internal/process/task_queues:104:5)"}}
[info] >  Originating from: {"user":"Originating from:","metadata":{"emulator":{"name":"functions"},"function":{"name":"us-central1-api"},"extension":{},"message":"\u001b[90m> \u001b[39m Originating from:"}}
[info] >      at PaymentIntentResource._makeRequest (C:\Users\krist\Documents\FES\amazon-clone\functions\node_modules\stripe\cjs\StripeResource.js:59:31) {"user":"    at PaymentIntentResource._makeRequest (C:\\Users\\krist\\Documents\\FES\\amazon-clone\\functions\\node_modules\\stripe\\cjs\\StripeResource.js:59:31)","metadata":{"emulator":{"name":"functions"},"function":{"name":"us-central1-api"},"extension":{},"message":"\u001b[90m> \u001b[39m     at PaymentIntentResource._makeRequest (C:\\Users\\krist\\Documents\\FES\\amazon-clone\\functions\\node_modules\\stripe\\cjs\\StripeResource.js:59:31)"}}
[info] >      at PaymentIntentResource.create (C:\Users\krist\Documents\FES\amazon-clone\functions\node_modules\stripe\cjs\resources\PaymentIntents.js:28:21) {"user":"    at PaymentIntentResource.create (C:\\Users\\krist\\Documents\\FES\\amazon-clone\\functions\\node_modules\\stripe\\cjs\\resources\\PaymentIntents.js:28:21)","metadata":{"emulator":{"name":"functions"},"function":{"name":"us-central1-api"},"extension":{},"message":"\u001b[90m> \u001b[39m     at PaymentIntentResource.create (C:\\Users\\krist\\Documents\\FES\\amazon-clone\\functions\\node_modules\\stripe\\cjs\\resources\\PaymentIntents.js:28:21)"}}
[info] >      at C:\Users\krist\Documents\FES\amazon-clone\functions\index.js:35:55 {"user":"    at C:\\Users\\krist\\Documents\\FES\\amazon-clone\\functions\\index.js:35:55","metadata":{"emulator":{"name":"functions"},"function":{"name":"us-central1-api"},"extension":{},"message":"\u001b[90m> \u001b[39m     at C:\\Users\\krist\\Documents\\FES\\amazon-clone\\functions\\index.js:35:55"}}
[info] >      at Layer.handleRequest (C:\Users\krist\Documents\FES\amazon-clone\functions\node_modules\router\lib\layer.js:152:17) {"user":"    at Layer.handleRequest (C:\\Users\\krist\\Documents\\FES\\amazon-clone\\functions\\node_modules\\router\\lib\\layer.js:152:17)","metadata":{"emulator":{"name":"functions"},"function":{"name":"us-central1-api"},"extension":{},"message":"\u001b[90m> \u001b[39m     at Layer.handleRequest (C:\\Users\\krist\\Documents\\FES\\amazon-clone\\functions\\node_modules\\router\\lib\\layer.js:152:17)"}}
[info] >      at next (C:\Users\krist\Documents\FES\amazon-clone\functions\node_modules\router\lib\route.js:157:13) {"user":"    at next (C:\\Users\\krist\\Documents\\FES\\amazon-clone\\functions\\node_modules\\router\\lib\\route.js:157:13)","metadata":{"emulator":{"name":"functions"},"function":{"name":"us-central1-api"},"extension":{},"message":"\u001b[90m> \u001b[39m     at next (C:\\Users\\krist\\Documents\\FES\\amazon-clone\\functions\\node_modules\\router\\lib\\route.js:157:13)"}}
[info] >      at Route.dispatch (C:\Users\krist\Documents\FES\amazon-clone\functions\node_modules\router\lib\route.js:117:3) {"user":"    at Route.dispatch (C:\\Users\\krist\\Documents\\FES\\amazon-clone\\functions\\node_modules\\router\\lib\\route.js:117:3)","metadata":{"emulator":{"name":"functions"},"function":{"name":"us-central1-api"},"extension":{},"message":"\u001b[90m> \u001b[39m     at Route.dispatch (C:\\Users\\krist\\Documents\\FES\\amazon-clone\\functions\\node_modules\\router\\lib\\route.js:117:3)"}}
[info] >      at handle (C:\Users\krist\Documents\FES\amazon-clone\functions\node_modules\router\index.js:435:11) {"user":"    at handle (C:\\Users\\krist\\Documents\\FES\\amazon-clone\\functions\\node_modules\\router\\index.js:435:11)","metadata":{"emulator":{"name":"functions"},"function":{"name":"us-central1-api"},"extension":{},"message":"\u001b[90m> \u001b[39m     at handle (C:\\Users\\krist\\Documents\\FES\\amazon-clone\\functions\\node_modules\\router\\index.js:435:11)"}}
[info] >      at Layer.handleRequest (C:\Users\krist\Documents\FES\amazon-clone\functions\node_modules\router\lib\layer.js:152:17) {"user":"    at Layer.handleRequest (C:\\Users\\krist\\Documents\\FES\\amazon-clone\\functions\\node_modules\\router\\lib\\layer.js:152:17)","metadata":{"emulator":{"name":"functions"},"function":{"name":"us-central1-api"},"extension":{},"message":"\u001b[90m> \u001b[39m     at Layer.handleRequest (C:\\Users\\krist\\Documents\\FES\\amazon-clone\\functions\\node_modules\\router\\lib\\layer.js:152:17)"}}
[info] >      at C:\Users\krist\Documents\FES\amazon-clone\functions\node_modules\router\index.js:295:15 {"user":"    at C:\\Users\\krist\\Documents\\FES\\amazon-clone\\functions\\node_modules\\router\\index.js:295:15","metadata":{"emulator":{"name":"functions"},"function":{"name":"us-central1-api"},"extension":{},"message":"\u001b[90m> \u001b[39m     at C:\\Users\\krist\\Documents\\FES\\amazon-clone\\functions\\node_modules\\router\\index.js:295:15"}}
[info] >      at processParams (C:\Users\krist\Documents\FES\amazon-clone\functions\node_modules\router\index.js:582:12) {"user":"    at processParams (C:\\Users\\krist\\Documents\\FES\\amazon-clone\\functions\\node_modules\\router\\index.js:582:12)","metadata":{"emulator":{"name":"functions"},"function":{"name":"us-central1-api"},"extension":{},"message":"\u001b[90m> \u001b[39m     at processParams (C:\\Users\\krist\\Documents\\FES\\amazon-clone\\functions\\node_modules\\router\\index.js:582:12)"}}
[debug] [2026-06-30T00:59:46.998Z] [work-queue] {"queuedWork":["/clone-9cf3b/us-central1/api/payments/create-2026-06-30T00:59:46.998Z"],"queueLength":1,"runningWork":[],"workRunningCount":0}
[debug] [2026-06-30T00:59:46.999Z] [work-queue] {"queuedWork":[],"queueLength":0,"runningWork":["/clone-9cf3b/us-central1/api/payments/create-2026-06-30T00:59:46.998Z"],"workRunningCount":1}
[debug] [2026-06-30T00:59:46.999Z] Accepted request POST /clone-9cf3b/us-central1/api/payments/create?total=33898 --> us-central1-api
[debug] [2026-06-30T00:59:47.002Z] [functions] Runtime ready! Sending request! {"metadata":{"emulator":{"name":"functions"},"message":"[functions] Runtime ready! Sending request!"}}
[debug] [2026-06-30T00:59:47.004Z] [functions] Got req.url=/clone-9cf3b/us-central1/api/payments/create?total=33898, mapping to path=/payments/create?total=33898 {"metadata":{"emulator":{"name":"functions"},"message":"[functions] Got req.url=/clone-9cf3b/us-central1/api/payments/create?total=33898, mapping to path=/payments/create?total=33898"}}
[debug] [2026-06-30T00:59:47.004Z] [worker-pool] submitRequest(triggerId=us-central1-api) {"metadata":{"emulator":{"name":"functions"},"message":"[worker-pool] submitRequest(triggerId=us-central1-api)"}}
[info] i  functions: Beginning execution of "us-central1-api" {"metadata":{"emulator":{"name":"functions"},"function":{"name":"us-central1-api"},"extension":{},"message":"Beginning execution of \"us-central1-api\""}}
[debug] [2026-06-30T00:59:47.005Z] [worker-us-central1-api-7dee445e-0d51-48d7-8d2d-298ac493a670]: BUSY {"metadata":{"emulator":{"name":"functions"},"function":{"name":"us-central1-api"},"extension":{},"message":"[worker-us-central1-api-7dee445e-0d51-48d7-8d2d-298ac493a670]: BUSY"}}
[debug] [2026-06-30T00:59:47.008Z] [work-queue] {"queuedWork":["/clone-9cf3b/us-central1/api/payments/create-2026-06-30T00:59:47.008Z"],"queueLength":1,"runningWork":["/clone-9cf3b/us-central1/api/payments/create-2026-06-30T00:59:46.998Z"],"workRunningCount":1}
[debug] [2026-06-30T00:59:47.009Z] [work-queue] {"queuedWork":[],"queueLength":0,"runningWork":["/clone-9cf3b/us-central1/api/payments/create-2026-06-30T00:59:46.998Z","/clone-9cf3b/us-central1/api/payments/create-2026-06-30T00:59:47.008Z"],"workRunningCount":2}
[debug] [2026-06-30T00:59:47.009Z] Accepted request POST /clone-9cf3b/us-central1/api/payments/create?total=33898 --> us-central1-api
[debug] [2026-06-30T00:59:47.011Z] [functions] Runtime ready! Sending request! {"metadata":{"emulator":{"name":"functions"},"message":"[functions] Runtime ready! Sending request!"}}
[debug] [2026-06-30T00:59:47.012Z] [functions] Got req.url=/clone-9cf3b/us-central1/api/payments/create?total=33898, mapping to path=/payments/create?total=33898 {"metadata":{"emulator":{"name":"functions"},"message":"[functions] Got req.url=/clone-9cf3b/us-central1/api/payments/create?total=33898, mapping to path=/payments/create?total=33898"}}
[debug] [2026-06-30T00:59:47.012Z] [worker-pool] submitRequest(triggerId=us-central1-api) {"metadata":{"emulator":{"name":"functions"},"message":"[worker-pool] submitRequest(triggerId=us-central1-api)"}}
[info] i  functions: Beginning execution of "us-central1-api" {"metadata":{"emulator":{"name":"functions"},"function":{"name":"us-central1-api"},"extension":{},"message":"Beginning execution of \"us-central1-api\""}}
[debug] [2026-06-30T00:59:47.014Z] [worker-us-central1-api-23444cdc-dcd7-4dda-90c4-80b31d1bd9fe]: BUSY {"metadata":{"emulator":{"name":"functions"},"function":{"name":"us-central1-api"},"extension":{},"message":"[worker-us-central1-api-23444cdc-dcd7-4dda-90c4-80b31d1bd9fe]: BUSY"}}
[info] >  Payment Request Received Boom!! 33898 {"user":"Payment Request Received Boom!! 33898","metadata":{"emulator":{"name":"functions"},"function":{"name":"us-central1-api"},"extension":{},"message":"\u001b[90m> \u001b[39m Payment Request Received Boom!! 33898"}}
[info] >  Payment Request Received Boom!! 33898 {"user":"Payment Request Received Boom!! 33898","metadata":{"emulator":{"name":"functions"},"function":{"name":"us-central1-api"},"extension":{},"message":"\u001b[90m> \u001b[39m Payment Request Received Boom!! 33898"}}
[debug] [2026-06-30T00:59:47.207Z] Finishing up request with event=pause {"metadata":{"emulator":{"name":"functions"},"function":{"name":"us-central1-api"},"extension":{},"message":"Finishing up request with event=pause"}}
[info] i  functions: Finished "us-central1-api" in 202.4687ms {"metadata":{"emulator":{"name":"functions"},"function":{"name":"us-central1-api"},"extension":{},"message":"Finished \"us-central1-api\" in 202.4687ms"}}
[debug] [2026-06-30T00:59:47.208Z] [worker-us-central1-api-7dee445e-0d51-48d7-8d2d-298ac493a670]: IDLE {"metadata":{"emulator":{"name":"functions"},"function":{"name":"us-central1-api"},"extension":{},"message":"[worker-us-central1-api-7dee445e-0d51-48d7-8d2d-298ac493a670]: IDLE"}}
[debug] [2026-06-30T00:59:47.208Z] Finishing up request with event=finish {"metadata":{"emulator":{"name":"functions"},"function":{"name":"us-central1-api"},"extension":{},"message":"Finishing up request with event=finish"}}
[debug] [2026-06-30T00:59:47.208Z] Finishing up request with event=close {"metadata":{"emulator":{"name":"functions"},"function":{"name":"us-central1-api"},"extension":{},"message":"Finishing up request with event=close"}}
[debug] [2026-06-30T00:59:47.208Z] [work-queue] {"queuedWork":[],"queueLength":0,"runningWork":["/clone-9cf3b/us-central1/api/payments/create-2026-06-30T00:59:47.008Z"],"workRunningCount":1}
[debug] [2026-06-30T00:59:47.226Z] Finishing up request with event=pause {"metadata":{"emulator":{"name":"functions"},"function":{"name":"us-central1-api"},"extension":{},"message":"Finishing up request with event=pause"}}
[info] i  functions: Finished "us-central1-api" in 212.2486ms {"metadata":{"emulator":{"name":"functions"},"function":{"name":"us-central1-api"},"extension":{},"message":"Finished \"us-central1-api\" in 212.2486ms"}}
[debug] [2026-06-30T00:59:47.227Z] [worker-us-central1-api-23444cdc-dcd7-4dda-90c4-80b31d1bd9fe]: IDLE {"metadata":{"emulator":{"name":"functions"},"function":{"name":"us-central1-api"},"extension":{},"message":"[worker-us-central1-api-23444cdc-dcd7-4dda-90c4-80b31d1bd9fe]: IDLE"}}
[debug] [2026-06-30T00:59:47.228Z] Finishing up request with event=finish {"metadata":{"emulator":{"name":"functions"},"function":{"name":"us-central1-api"},"extension":{},"message":"Finishing up request with event=finish"}}
[debug] [2026-06-30T00:59:47.228Z] Finishing up request with event=close {"metadata":{"emulator":{"name":"functions"},"function":{"name":"us-central1-api"},"extension":{},"message":"Finishing up request with event=close"}}
[debug] [2026-06-30T00:59:47.228Z] [work-queue] {"queuedWork":[],"queueLength":0,"runningWork":[],"workRunningCount":0}
